31-Oct-2024 08:11:12.033 信息 [main] org.apache.catalina.startup.VersionLoggerListener.log Server.服务器版本: Apache Tomcat/9.0.95
31-Oct-2024 08:11:12.038 信息 [main] org.apache.catalina.startup.VersionLoggerListener.log 服务器构建:        Sep 13 2024 18:07:47 UTC
31-Oct-2024 08:11:12.038 信息 [main] org.apache.catalina.startup.VersionLoggerListener.log 服务器版本号:      9.0.95.0
31-Oct-2024 08:11:12.038 信息 [main] org.apache.catalina.startup.VersionLoggerListener.log 操作系统名称:      Windows 11
31-Oct-2024 08:11:12.038 信息 [main] org.apache.catalina.startup.VersionLoggerListener.log OS.版本:           10.0
31-Oct-2024 08:11:12.038 信息 [main] org.apache.catalina.startup.VersionLoggerListener.log 架构:              amd64
31-Oct-2024 08:11:12.038 信息 [main] org.apache.catalina.startup.VersionLoggerListener.log Java 环境变量:     C:\Program Files\Java\jdk-17
31-Oct-2024 08:11:12.038 信息 [main] org.apache.catalina.startup.VersionLoggerListener.log Java虚拟机版本:    17.0.10+11-LTS-240
31-Oct-2024 08:11:12.038 信息 [main] org.apache.catalina.startup.VersionLoggerListener.log JVM.供应商:        Oracle Corporation
31-Oct-2024 08:11:12.038 信息 [main] org.apache.catalina.startup.VersionLoggerListener.log CATALINA_BASE:     C:\Users\13120\Desktop\Code\WebTest\apache-tomcat-9.0.95
31-Oct-2024 08:11:12.038 信息 [main] org.apache.catalina.startup.VersionLoggerListener.log CATALINA_HOME:     C:\Users\13120\Desktop\Code\WebTest\apache-tomcat-9.0.95
31-Oct-2024 08:11:12.050 信息 [main] org.apache.catalina.startup.VersionLoggerListener.log 命令行参数：       -Djava.util.logging.config.file=c:\Users\13120\Desktop\Code\WebTest\apache-tomcat-9.0.95/conf/logging.properties
31-Oct-2024 08:11:12.050 信息 [main] org.apache.catalina.startup.VersionLoggerListener.log 命令行参数：       -Djava.util.logging.manager=org.apache.juli.ClassLoaderLogManager
31-Oct-2024 08:11:12.050 信息 [main] org.apache.catalina.startup.VersionLoggerListener.log 命令行参数：       -Djdk.tls.ephemeralDHKeySize=2048
31-Oct-2024 08:11:12.050 信息 [main] org.apache.catalina.startup.VersionLoggerListener.log 命令行参数：       -Djava.protocol.handler.pkgs=org.apache.catalina.webresources
31-Oct-2024 08:11:12.050 信息 [main] org.apache.catalina.startup.VersionLoggerListener.log 命令行参数：       -Dorg.apache.catalina.security.SecurityListener.UMASK=0027
31-Oct-2024 08:11:12.050 信息 [main] org.apache.catalina.startup.VersionLoggerListener.log 命令行参数：       -Dcatalina.base=c:\Users\13120\Desktop\Code\WebTest\apache-tomcat-9.0.95
31-Oct-2024 08:11:12.050 信息 [main] org.apache.catalina.startup.VersionLoggerListener.log 命令行参数：       -Dcatalina.home=c:\Users\13120\Desktop\Code\WebTest\apache-tomcat-9.0.95
31-Oct-2024 08:11:12.050 信息 [main] org.apache.catalina.startup.VersionLoggerListener.log 命令行参数：       -Djava.io.tmpdir=c:\Users\13120\Desktop\Code\WebTest\apache-tomcat-9.0.95/temp
31-Oct-2024 08:11:12.061 信息 [main] org.apache.catalina.core.AprLifecycleListener.lifecycleEvent 使用APR版本[1.7.4]加载了基于APR的Apache Tomcat本机库[1.3.1]。
31-Oct-2024 08:11:12.061 信息 [main] org.apache.catalina.core.AprLifecycleListener.lifecycleEvent APR功能：IPv6[true]、sendfile[true]、accept filters[false]、random[true]、UDS [true]。
31-Oct-2024 08:11:12.061 信息 [main] org.apache.catalina.core.AprLifecycleListener.lifecycleEvent APR/OpenSSL配置：useAprConnector[false]，useOpenSSL[true]
31-Oct-2024 08:11:12.095 信息 [main] org.apache.catalina.core.AprLifecycleListener.initializeSSL OpenSSL成功初始化 [OpenSSL 3.0.14 4 Jun 2024]
31-Oct-2024 08:11:12.393 信息 [main] org.apache.coyote.AbstractProtocol.init 初始化协议处理器 ["http-nio-8080"]
31-Oct-2024 08:11:12.428 信息 [main] org.apache.catalina.startup.Catalina.load 服务器在[634]毫秒内初始化
31-Oct-2024 08:11:12.467 信息 [main] org.apache.catalina.core.StandardService.startInternal 正在启动服务[Catalina]
31-Oct-2024 08:11:12.467 信息 [main] org.apache.catalina.core.StandardEngine.startInternal 正在启动 Servlet 引擎：[Apache Tomcat/9.0.95]
31-Oct-2024 08:11:12.484 信息 [main] org.apache.catalina.startup.HostConfig.deployDirectory 把web 应用程序部署到目录 [C:\Users\13120\Desktop\Code\WebTest\apache-tomcat-9.0.95\webapps\docs]
31-Oct-2024 08:11:12.786 信息 [main] org.apache.catalina.startup.HostConfig.deployDirectory Web应用程序目录[C:\Users\13120\Desktop\Code\WebTest\apache-tomcat-9.0.95\webapps\docs]的部署已在[302]毫秒内完成
31-Oct-2024 08:11:12.786 信息 [main] org.apache.catalina.startup.HostConfig.deployDirectory 把web 应用程序部署到目录 [C:\Users\13120\Desktop\Code\WebTest\apache-tomcat-9.0.95\webapps\examples]
31-Oct-2024 08:11:13.266 信息 [main] org.apache.catalina.startup.HostConfig.deployDirectory Web应用程序目录[C:\Users\13120\Desktop\Code\WebTest\apache-tomcat-9.0.95\webapps\examples]的部署已在[480]毫秒内完成
31-Oct-2024 08:11:13.266 信息 [main] org.apache.catalina.startup.HostConfig.deployDirectory 把web 应用程序部署到目录 [C:\Users\13120\Desktop\Code\WebTest\apache-tomcat-9.0.95\webapps\host-manager]
31-Oct-2024 08:11:13.315 信息 [main] org.apache.catalina.startup.HostConfig.deployDirectory Web应用程序目录[C:\Users\13120\Desktop\Code\WebTest\apache-tomcat-9.0.95\webapps\host-manager]的部署已在[49]毫秒内完成
31-Oct-2024 08:11:13.315 信息 [main] org.apache.catalina.startup.HostConfig.deployDirectory 把web 应用程序部署到目录 [C:\Users\13120\Desktop\Code\WebTest\apache-tomcat-9.0.95\webapps\JspTest]
31-Oct-2024 08:11:13.352 信息 [main] org.apache.catalina.startup.HostConfig.deployDirectory Web应用程序目录[C:\Users\13120\Desktop\Code\WebTest\apache-tomcat-9.0.95\webapps\JspTest]的部署已在[37]毫秒内完成
31-Oct-2024 08:11:13.352 信息 [main] org.apache.catalina.startup.HostConfig.deployDirectory 把web 应用程序部署到目录 [C:\Users\13120\Desktop\Code\WebTest\apache-tomcat-9.0.95\webapps\manager]
31-Oct-2024 08:11:13.392 信息 [main] org.apache.catalina.startup.HostConfig.deployDirectory Web应用程序目录[C:\Users\13120\Desktop\Code\WebTest\apache-tomcat-9.0.95\webapps\manager]的部署已在[40]毫秒内完成
31-Oct-2024 08:11:13.394 信息 [main] org.apache.catalina.startup.HostConfig.deployDirectory 把web 应用程序部署到目录 [C:\Users\13120\Desktop\Code\WebTest\apache-tomcat-9.0.95\webapps\ROOT]
31-Oct-2024 08:11:13.412 信息 [main] org.apache.catalina.startup.HostConfig.deployDirectory Web应用程序目录[C:\Users\13120\Desktop\Code\WebTest\apache-tomcat-9.0.95\webapps\ROOT]的部署已在[18]毫秒内完成
31-Oct-2024 08:11:13.425 信息 [main] org.apache.coyote.AbstractProtocol.start 开始协议处理句柄["http-nio-8080"]
31-Oct-2024 08:11:13.469 信息 [main] org.apache.catalina.startup.Catalina.start [1045]毫秒后服务器启动
31-Oct-2024 08:22:54.280 信息 [Catalina-utility-2] org.apache.catalina.startup.HostConfig.deployWAR 正在部署web应用程序存档文件[C:\Users\13120\Desktop\Code\WebTest\apache-tomcat-9.0.95\webapps\demo.war]
31-Oct-2024 08:22:54.327 信息 [Catalina-utility-2] org.apache.catalina.startup.HostConfig.deployWAR web应用程序存档文件[C:\Users\13120\Desktop\Code\WebTest\apache-tomcat-9.0.95\webapps\demo.war]的部署已在[47]ms内完成
31-Oct-2024 08:26:23.112 信息 [main] org.apache.catalina.core.StandardServer.await 通过关闭端口接收到有效的关闭命令。正在停止服务器实例。
31-Oct-2024 08:26:23.121 信息 [main] org.apache.coyote.AbstractProtocol.pause 暂停ProtocolHandler["http-nio-8080"]
31-Oct-2024 08:26:23.242 信息 [main] org.apache.catalina.core.StandardService.stopInternal 正在停止服务[Catalina]
31-Oct-2024 08:26:23.257 警告 [main] org.apache.catalina.loader.WebappClassLoaderBase.clearReferencesObjectStreamClassCaches 在Java 9或更高版本上运行时,需要向JVM命令行参数中添加"--add opens=Java.base/Java.io=ALL-UNNAMED",以启用ObjectStream缓存内存泄漏保护.或者，可以通过禁用ObjectStream类缓存内存泄漏保护来抑制此警告.
31-Oct-2024 08:26:23.257 警告 [main] org.apache.catalina.loader.WebappClassLoaderBase.checkThreadLocalsForLeaks 在Java 9上运行时，需要在JVM命令行参数中添加“-add opens=Java.base/Java.lang=ALL-UNNAMED”，以启用线程本地内存泄漏检测。或者，可以通过禁用ThreadLocal内存泄漏检测来抑制此警告。
31-Oct-2024 08:26:23.257 警告 [main] org.apache.catalina.loader.WebappClassLoaderBase.clearReferencesRmiTargets 在Java 9上运行时，需要在JVM命令行参数中添加“-add opens=Java.rmi/sun.rmi.transport=ALL-UNNAMED”，以启用rmi目标内存泄漏检测。或者，可以通过禁用RMI目标内存泄漏检测来抑制此警告。
31-Oct-2024 08:26:23.257 警告 [main] org.apache.catalina.loader.WebappClassLoaderBase.clearReferencesObjectStreamClassCaches 在Java 9或更高版本上运行时,需要向JVM命令行参数中添加"--add opens=Java.base/Java.io=ALL-UNNAMED",以启用ObjectStream缓存内存泄漏保护.或者，可以通过禁用ObjectStream类缓存内存泄漏保护来抑制此警告.
31-Oct-2024 08:26:23.257 警告 [main] org.apache.catalina.loader.WebappClassLoaderBase.checkThreadLocalsForLeaks 在Java 9上运行时，需要在JVM命令行参数中添加“-add opens=Java.base/Java.lang=ALL-UNNAMED”，以启用线程本地内存泄漏检测。或者，可以通过禁用ThreadLocal内存泄漏检测来抑制此警告。
31-Oct-2024 08:26:23.257 警告 [main] org.apache.catalina.loader.WebappClassLoaderBase.clearReferencesRmiTargets 在Java 9上运行时，需要在JVM命令行参数中添加“-add opens=Java.rmi/sun.rmi.transport=ALL-UNNAMED”，以启用rmi目标内存泄漏检测。或者，可以通过禁用RMI目标内存泄漏检测来抑制此警告。
31-Oct-2024 08:26:23.257 警告 [main] org.apache.catalina.loader.WebappClassLoaderBase.clearReferencesObjectStreamClassCaches 在Java 9或更高版本上运行时,需要向JVM命令行参数中添加"--add opens=Java.base/Java.io=ALL-UNNAMED",以启用ObjectStream缓存内存泄漏保护.或者，可以通过禁用ObjectStream类缓存内存泄漏保护来抑制此警告.
31-Oct-2024 08:26:23.257 警告 [main] org.apache.catalina.loader.WebappClassLoaderBase.checkThreadLocalsForLeaks 在Java 9上运行时，需要在JVM命令行参数中添加“-add opens=Java.base/Java.lang=ALL-UNNAMED”，以启用线程本地内存泄漏检测。或者，可以通过禁用ThreadLocal内存泄漏检测来抑制此警告。
31-Oct-2024 08:26:23.257 警告 [main] org.apache.catalina.loader.WebappClassLoaderBase.clearReferencesRmiTargets 在Java 9上运行时，需要在JVM命令行参数中添加“-add opens=Java.rmi/sun.rmi.transport=ALL-UNNAMED”，以启用rmi目标内存泄漏检测。或者，可以通过禁用RMI目标内存泄漏检测来抑制此警告。
31-Oct-2024 08:26:23.257 警告 [main] org.apache.catalina.loader.WebappClassLoaderBase.clearReferencesObjectStreamClassCaches 在Java 9或更高版本上运行时,需要向JVM命令行参数中添加"--add opens=Java.base/Java.io=ALL-UNNAMED",以启用ObjectStream缓存内存泄漏保护.或者，可以通过禁用ObjectStream类缓存内存泄漏保护来抑制此警告.
31-Oct-2024 08:26:23.257 警告 [main] org.apache.catalina.loader.WebappClassLoaderBase.checkThreadLocalsForLeaks 在Java 9上运行时，需要在JVM命令行参数中添加“-add opens=Java.base/Java.lang=ALL-UNNAMED”，以启用线程本地内存泄漏检测。或者，可以通过禁用ThreadLocal内存泄漏检测来抑制此警告。
31-Oct-2024 08:26:23.257 警告 [main] org.apache.catalina.loader.WebappClassLoaderBase.clearReferencesRmiTargets 在Java 9上运行时，需要在JVM命令行参数中添加“-add opens=Java.rmi/sun.rmi.transport=ALL-UNNAMED”，以启用rmi目标内存泄漏检测。或者，可以通过禁用RMI目标内存泄漏检测来抑制此警告。
31-Oct-2024 08:26:23.273 警告 [main] org.apache.catalina.loader.WebappClassLoaderBase.clearReferencesObjectStreamClassCaches 在Java 9或更高版本上运行时,需要向JVM命令行参数中添加"--add opens=Java.base/Java.io=ALL-UNNAMED",以启用ObjectStream缓存内存泄漏保护.或者，可以通过禁用ObjectStream类缓存内存泄漏保护来抑制此警告.
31-Oct-2024 08:26:23.273 警告 [main] org.apache.catalina.loader.WebappClassLoaderBase.checkThreadLocalsForLeaks 在Java 9上运行时，需要在JVM命令行参数中添加“-add opens=Java.base/Java.lang=ALL-UNNAMED”，以启用线程本地内存泄漏检测。或者，可以通过禁用ThreadLocal内存泄漏检测来抑制此警告。
31-Oct-2024 08:26:23.273 警告 [main] org.apache.catalina.loader.WebappClassLoaderBase.clearReferencesRmiTargets 在Java 9上运行时，需要在JVM命令行参数中添加“-add opens=Java.rmi/sun.rmi.transport=ALL-UNNAMED”，以启用rmi目标内存泄漏检测。或者，可以通过禁用RMI目标内存泄漏检测来抑制此警告。
31-Oct-2024 08:26:23.273 警告 [main] org.apache.catalina.loader.WebappClassLoaderBase.clearReferencesObjectStreamClassCaches 在Java 9或更高版本上运行时,需要向JVM命令行参数中添加"--add opens=Java.base/Java.io=ALL-UNNAMED",以启用ObjectStream缓存内存泄漏保护.或者，可以通过禁用ObjectStream类缓存内存泄漏保护来抑制此警告.
31-Oct-2024 08:26:23.273 警告 [main] org.apache.catalina.loader.WebappClassLoaderBase.checkThreadLocalsForLeaks 在Java 9上运行时，需要在JVM命令行参数中添加“-add opens=Java.base/Java.lang=ALL-UNNAMED”，以启用线程本地内存泄漏检测。或者，可以通过禁用ThreadLocal内存泄漏检测来抑制此警告。
31-Oct-2024 08:26:23.273 警告 [main] org.apache.catalina.loader.WebappClassLoaderBase.clearReferencesRmiTargets 在Java 9上运行时，需要在JVM命令行参数中添加“-add opens=Java.rmi/sun.rmi.transport=ALL-UNNAMED”，以启用rmi目标内存泄漏检测。或者，可以通过禁用RMI目标内存泄漏检测来抑制此警告。
31-Oct-2024 08:26:23.273 警告 [main] org.apache.catalina.loader.WebappClassLoaderBase.clearReferencesObjectStreamClassCaches 在Java 9或更高版本上运行时,需要向JVM命令行参数中添加"--add opens=Java.base/Java.io=ALL-UNNAMED",以启用ObjectStream缓存内存泄漏保护.或者，可以通过禁用ObjectStream类缓存内存泄漏保护来抑制此警告.
31-Oct-2024 08:26:23.273 警告 [main] org.apache.catalina.loader.WebappClassLoaderBase.checkThreadLocalsForLeaks 在Java 9上运行时，需要在JVM命令行参数中添加“-add opens=Java.base/Java.lang=ALL-UNNAMED”，以启用线程本地内存泄漏检测。或者，可以通过禁用ThreadLocal内存泄漏检测来抑制此警告。
31-Oct-2024 08:26:23.273 警告 [main] org.apache.catalina.loader.WebappClassLoaderBase.clearReferencesRmiTargets 在Java 9上运行时，需要在JVM命令行参数中添加“-add opens=Java.rmi/sun.rmi.transport=ALL-UNNAMED”，以启用rmi目标内存泄漏检测。或者，可以通过禁用RMI目标内存泄漏检测来抑制此警告。
31-Oct-2024 08:26:23.273 信息 [main] org.apache.coyote.AbstractProtocol.stop 正在停止ProtocolHandler ["http-nio-8080"]
31-Oct-2024 08:26:23.292 信息 [main] org.apache.coyote.AbstractProtocol.destroy 正在摧毁协议处理器 ["http-nio-8080"]
31-Oct-2024 08:36:17.368 信息 [main] org.apache.catalina.startup.VersionLoggerListener.log Server.服务器版本: Apache Tomcat/9.0.95
31-Oct-2024 08:36:17.373 信息 [main] org.apache.catalina.startup.VersionLoggerListener.log 服务器构建:        Sep 13 2024 18:07:47 UTC
31-Oct-2024 08:36:17.373 信息 [main] org.apache.catalina.startup.VersionLoggerListener.log 服务器版本号:      9.0.95.0
31-Oct-2024 08:36:17.373 信息 [main] org.apache.catalina.startup.VersionLoggerListener.log 操作系统名称:      Windows 11
31-Oct-2024 08:36:17.373 信息 [main] org.apache.catalina.startup.VersionLoggerListener.log OS.版本:           10.0
31-Oct-2024 08:36:17.373 信息 [main] org.apache.catalina.startup.VersionLoggerListener.log 架构:              amd64
31-Oct-2024 08:36:17.373 信息 [main] org.apache.catalina.startup.VersionLoggerListener.log Java 环境变量:     C:\Program Files\Java\jdk-17
31-Oct-2024 08:36:17.373 信息 [main] org.apache.catalina.startup.VersionLoggerListener.log Java虚拟机版本:    17.0.10+11-LTS-240
31-Oct-2024 08:36:17.373 信息 [main] org.apache.catalina.startup.VersionLoggerListener.log JVM.供应商:        Oracle Corporation
31-Oct-2024 08:36:17.373 信息 [main] org.apache.catalina.startup.VersionLoggerListener.log CATALINA_BASE:     C:\Users\13120\Desktop\Code\WebTest\apache-tomcat-9.0.95
31-Oct-2024 08:36:17.373 信息 [main] org.apache.catalina.startup.VersionLoggerListener.log CATALINA_HOME:     C:\Users\13120\Desktop\Code\WebTest\apache-tomcat-9.0.95
31-Oct-2024 08:36:17.389 信息 [main] org.apache.catalina.startup.VersionLoggerListener.log 命令行参数：       -Djava.util.logging.config.file=c:\Users\13120\Desktop\Code\WebTest\apache-tomcat-9.0.95/conf/logging.properties
31-Oct-2024 08:36:17.389 信息 [main] org.apache.catalina.startup.VersionLoggerListener.log 命令行参数：       -Djava.util.logging.manager=org.apache.juli.ClassLoaderLogManager
31-Oct-2024 08:36:17.389 信息 [main] org.apache.catalina.startup.VersionLoggerListener.log 命令行参数：       -Djdk.tls.ephemeralDHKeySize=2048
31-Oct-2024 08:36:17.389 信息 [main] org.apache.catalina.startup.VersionLoggerListener.log 命令行参数：       -Djava.protocol.handler.pkgs=org.apache.catalina.webresources
31-Oct-2024 08:36:17.389 信息 [main] org.apache.catalina.startup.VersionLoggerListener.log 命令行参数：       -Dorg.apache.catalina.security.SecurityListener.UMASK=0027
31-Oct-2024 08:36:17.389 信息 [main] org.apache.catalina.startup.VersionLoggerListener.log 命令行参数：       -Dcatalina.base=c:\Users\13120\Desktop\Code\WebTest\apache-tomcat-9.0.95
31-Oct-2024 08:36:17.389 信息 [main] org.apache.catalina.startup.VersionLoggerListener.log 命令行参数：       -Dcatalina.home=c:\Users\13120\Desktop\Code\WebTest\apache-tomcat-9.0.95
31-Oct-2024 08:36:17.389 信息 [main] org.apache.catalina.startup.VersionLoggerListener.log 命令行参数：       -Djava.io.tmpdir=c:\Users\13120\Desktop\Code\WebTest\apache-tomcat-9.0.95/temp
31-Oct-2024 08:36:17.389 信息 [main] org.apache.catalina.core.AprLifecycleListener.lifecycleEvent 使用APR版本[1.7.4]加载了基于APR的Apache Tomcat本机库[1.3.1]。
31-Oct-2024 08:36:17.389 信息 [main] org.apache.catalina.core.AprLifecycleListener.lifecycleEvent APR功能：IPv6[true]、sendfile[true]、accept filters[false]、random[true]、UDS [true]。
31-Oct-2024 08:36:17.389 信息 [main] org.apache.catalina.core.AprLifecycleListener.lifecycleEvent APR/OpenSSL配置：useAprConnector[false]，useOpenSSL[true]
31-Oct-2024 08:36:17.400 信息 [main] org.apache.catalina.core.AprLifecycleListener.initializeSSL OpenSSL成功初始化 [OpenSSL 3.0.14 4 Jun 2024]
31-Oct-2024 08:36:17.669 信息 [main] org.apache.coyote.AbstractProtocol.init 初始化协议处理器 ["http-nio-8080"]
31-Oct-2024 08:36:17.693 信息 [main] org.apache.catalina.startup.Catalina.load 服务器在[546]毫秒内初始化
31-Oct-2024 08:36:17.734 信息 [main] org.apache.catalina.core.StandardService.startInternal 正在启动服务[Catalina]
31-Oct-2024 08:36:17.734 信息 [main] org.apache.catalina.core.StandardEngine.startInternal 正在启动 Servlet 引擎：[Apache Tomcat/9.0.95]
31-Oct-2024 08:36:17.757 信息 [main] org.apache.catalina.startup.HostConfig.deployWAR 正在部署web应用程序存档文件[C:\Users\13120\Desktop\Code\WebTest\apache-tomcat-9.0.95\webapps\demo.war]
31-Oct-2024 08:36:17.772 信息 [main] org.apache.catalina.startup.ExpandWar.expand 发现一个展开的目录[C:\Users\13120\Desktop\Code\WebTest\apache-tomcat-9.0.95\webapps\demo],它的最后修改时间与关联的WAR不一致.它将被删除.
31-Oct-2024 08:36:18.061 信息 [main] org.apache.catalina.startup.HostConfig.deployWAR web应用程序存档文件[C:\Users\13120\Desktop\Code\WebTest\apache-tomcat-9.0.95\webapps\demo.war]的部署已在[304]ms内完成
31-Oct-2024 08:36:18.065 信息 [main] org.apache.catalina.startup.HostConfig.deployDirectory 把web 应用程序部署到目录 [C:\Users\13120\Desktop\Code\WebTest\apache-tomcat-9.0.95\webapps\docs]
31-Oct-2024 08:36:18.107 信息 [main] org.apache.catalina.startup.HostConfig.deployDirectory Web应用程序目录[C:\Users\13120\Desktop\Code\WebTest\apache-tomcat-9.0.95\webapps\docs]的部署已在[42]毫秒内完成
31-Oct-2024 08:36:18.107 信息 [main] org.apache.catalina.startup.HostConfig.deployDirectory 把web 应用程序部署到目录 [C:\Users\13120\Desktop\Code\WebTest\apache-tomcat-9.0.95\webapps\examples]
31-Oct-2024 08:36:18.558 信息 [main] org.apache.catalina.startup.HostConfig.deployDirectory Web应用程序目录[C:\Users\13120\Desktop\Code\WebTest\apache-tomcat-9.0.95\webapps\examples]的部署已在[451]毫秒内完成
31-Oct-2024 08:36:18.558 信息 [main] org.apache.catalina.startup.HostConfig.deployDirectory 把web 应用程序部署到目录 [C:\Users\13120\Desktop\Code\WebTest\apache-tomcat-9.0.95\webapps\host-manager]
31-Oct-2024 08:36:18.600 信息 [main] org.apache.catalina.startup.HostConfig.deployDirectory Web应用程序目录[C:\Users\13120\Desktop\Code\WebTest\apache-tomcat-9.0.95\webapps\host-manager]的部署已在[42]毫秒内完成
31-Oct-2024 08:36:18.600 信息 [main] org.apache.catalina.startup.HostConfig.deployDirectory 把web 应用程序部署到目录 [C:\Users\13120\Desktop\Code\WebTest\apache-tomcat-9.0.95\webapps\JspTest]
31-Oct-2024 08:36:18.623 信息 [main] org.apache.catalina.startup.HostConfig.deployDirectory Web应用程序目录[C:\Users\13120\Desktop\Code\WebTest\apache-tomcat-9.0.95\webapps\JspTest]的部署已在[23]毫秒内完成
31-Oct-2024 08:36:18.623 信息 [main] org.apache.catalina.startup.HostConfig.deployDirectory 把web 应用程序部署到目录 [C:\Users\13120\Desktop\Code\WebTest\apache-tomcat-9.0.95\webapps\manager]
31-Oct-2024 08:36:18.663 信息 [main] org.apache.catalina.startup.HostConfig.deployDirectory Web应用程序目录[C:\Users\13120\Desktop\Code\WebTest\apache-tomcat-9.0.95\webapps\manager]的部署已在[40]毫秒内完成
31-Oct-2024 08:36:18.663 信息 [main] org.apache.catalina.startup.HostConfig.deployDirectory 把web 应用程序部署到目录 [C:\Users\13120\Desktop\Code\WebTest\apache-tomcat-9.0.95\webapps\ROOT]
31-Oct-2024 08:36:18.688 信息 [main] org.apache.catalina.startup.HostConfig.deployDirectory Web应用程序目录[C:\Users\13120\Desktop\Code\WebTest\apache-tomcat-9.0.95\webapps\ROOT]的部署已在[25]毫秒内完成
31-Oct-2024 08:36:18.688 信息 [main] org.apache.coyote.AbstractProtocol.start 开始协议处理句柄["http-nio-8080"]
31-Oct-2024 08:36:18.734 信息 [main] org.apache.catalina.startup.Catalina.start [1045]毫秒后服务器启动
31-Oct-2024 08:38:00.865 信息 [main] org.apache.catalina.core.StandardServer.await 通过关闭端口接收到有效的关闭命令。正在停止服务器实例。
31-Oct-2024 08:38:00.867 信息 [main] org.apache.coyote.AbstractProtocol.pause 暂停ProtocolHandler["http-nio-8080"]
31-Oct-2024 08:38:00.998 信息 [main] org.apache.catalina.core.StandardService.stopInternal 正在停止服务[Catalina]
31-Oct-2024 08:38:00.998 警告 [main] org.apache.catalina.loader.WebappClassLoaderBase.clearReferencesObjectStreamClassCaches 在Java 9或更高版本上运行时,需要向JVM命令行参数中添加"--add opens=Java.base/Java.io=ALL-UNNAMED",以启用ObjectStream缓存内存泄漏保护.或者，可以通过禁用ObjectStream类缓存内存泄漏保护来抑制此警告.
31-Oct-2024 08:38:00.998 警告 [main] org.apache.catalina.loader.WebappClassLoaderBase.checkThreadLocalsForLeaks 在Java 9上运行时，需要在JVM命令行参数中添加“-add opens=Java.base/Java.lang=ALL-UNNAMED”，以启用线程本地内存泄漏检测。或者，可以通过禁用ThreadLocal内存泄漏检测来抑制此警告。
31-Oct-2024 08:38:00.998 警告 [main] org.apache.catalina.loader.WebappClassLoaderBase.clearReferencesRmiTargets 在Java 9上运行时，需要在JVM命令行参数中添加“-add opens=Java.rmi/sun.rmi.transport=ALL-UNNAMED”，以启用rmi目标内存泄漏检测。或者，可以通过禁用RMI目标内存泄漏检测来抑制此警告。
31-Oct-2024 08:38:01.014 警告 [main] org.apache.catalina.loader.WebappClassLoaderBase.clearReferencesObjectStreamClassCaches 在Java 9或更高版本上运行时,需要向JVM命令行参数中添加"--add opens=Java.base/Java.io=ALL-UNNAMED",以启用ObjectStream缓存内存泄漏保护.或者，可以通过禁用ObjectStream类缓存内存泄漏保护来抑制此警告.
31-Oct-2024 08:38:01.014 警告 [main] org.apache.catalina.loader.WebappClassLoaderBase.checkThreadLocalsForLeaks 在Java 9上运行时，需要在JVM命令行参数中添加“-add opens=Java.base/Java.lang=ALL-UNNAMED”，以启用线程本地内存泄漏检测。或者，可以通过禁用ThreadLocal内存泄漏检测来抑制此警告。
31-Oct-2024 08:38:01.014 警告 [main] org.apache.catalina.loader.WebappClassLoaderBase.clearReferencesRmiTargets 在Java 9上运行时，需要在JVM命令行参数中添加“-add opens=Java.rmi/sun.rmi.transport=ALL-UNNAMED”，以启用rmi目标内存泄漏检测。或者，可以通过禁用RMI目标内存泄漏检测来抑制此警告。
31-Oct-2024 08:38:01.014 警告 [main] org.apache.catalina.loader.WebappClassLoaderBase.clearReferencesObjectStreamClassCaches 在Java 9或更高版本上运行时,需要向JVM命令行参数中添加"--add opens=Java.base/Java.io=ALL-UNNAMED",以启用ObjectStream缓存内存泄漏保护.或者，可以通过禁用ObjectStream类缓存内存泄漏保护来抑制此警告.
31-Oct-2024 08:38:01.014 警告 [main] org.apache.catalina.loader.WebappClassLoaderBase.checkThreadLocalsForLeaks 在Java 9上运行时，需要在JVM命令行参数中添加“-add opens=Java.base/Java.lang=ALL-UNNAMED”，以启用线程本地内存泄漏检测。或者，可以通过禁用ThreadLocal内存泄漏检测来抑制此警告。
31-Oct-2024 08:38:01.014 警告 [main] org.apache.catalina.loader.WebappClassLoaderBase.clearReferencesRmiTargets 在Java 9上运行时，需要在JVM命令行参数中添加“-add opens=Java.rmi/sun.rmi.transport=ALL-UNNAMED”，以启用rmi目标内存泄漏检测。或者，可以通过禁用RMI目标内存泄漏检测来抑制此警告。
31-Oct-2024 08:38:01.014 警告 [main] org.apache.catalina.loader.WebappClassLoaderBase.clearReferencesObjectStreamClassCaches 在Java 9或更高版本上运行时,需要向JVM命令行参数中添加"--add opens=Java.base/Java.io=ALL-UNNAMED",以启用ObjectStream缓存内存泄漏保护.或者，可以通过禁用ObjectStream类缓存内存泄漏保护来抑制此警告.
31-Oct-2024 08:38:01.014 警告 [main] org.apache.catalina.loader.WebappClassLoaderBase.checkThreadLocalsForLeaks 在Java 9上运行时，需要在JVM命令行参数中添加“-add opens=Java.base/Java.lang=ALL-UNNAMED”，以启用线程本地内存泄漏检测。或者，可以通过禁用ThreadLocal内存泄漏检测来抑制此警告。
31-Oct-2024 08:38:01.014 警告 [main] org.apache.catalina.loader.WebappClassLoaderBase.clearReferencesRmiTargets 在Java 9上运行时，需要在JVM命令行参数中添加“-add opens=Java.rmi/sun.rmi.transport=ALL-UNNAMED”，以启用rmi目标内存泄漏检测。或者，可以通过禁用RMI目标内存泄漏检测来抑制此警告。
31-Oct-2024 08:38:01.020 警告 [main] org.apache.catalina.loader.WebappClassLoaderBase.clearReferencesObjectStreamClassCaches 在Java 9或更高版本上运行时,需要向JVM命令行参数中添加"--add opens=Java.base/Java.io=ALL-UNNAMED",以启用ObjectStream缓存内存泄漏保护.或者，可以通过禁用ObjectStream类缓存内存泄漏保护来抑制此警告.
31-Oct-2024 08:38:01.020 警告 [main] org.apache.catalina.loader.WebappClassLoaderBase.checkThreadLocalsForLeaks 在Java 9上运行时，需要在JVM命令行参数中添加“-add opens=Java.base/Java.lang=ALL-UNNAMED”，以启用线程本地内存泄漏检测。或者，可以通过禁用ThreadLocal内存泄漏检测来抑制此警告。
31-Oct-2024 08:38:01.020 警告 [main] org.apache.catalina.loader.WebappClassLoaderBase.clearReferencesRmiTargets 在Java 9上运行时，需要在JVM命令行参数中添加“-add opens=Java.rmi/sun.rmi.transport=ALL-UNNAMED”，以启用rmi目标内存泄漏检测。或者，可以通过禁用RMI目标内存泄漏检测来抑制此警告。
31-Oct-2024 08:38:01.020 警告 [main] org.apache.catalina.loader.WebappClassLoaderBase.clearReferencesObjectStreamClassCaches 在Java 9或更高版本上运行时,需要向JVM命令行参数中添加"--add opens=Java.base/Java.io=ALL-UNNAMED",以启用ObjectStream缓存内存泄漏保护.或者，可以通过禁用ObjectStream类缓存内存泄漏保护来抑制此警告.
31-Oct-2024 08:38:01.020 警告 [main] org.apache.catalina.loader.WebappClassLoaderBase.checkThreadLocalsForLeaks 在Java 9上运行时，需要在JVM命令行参数中添加“-add opens=Java.base/Java.lang=ALL-UNNAMED”，以启用线程本地内存泄漏检测。或者，可以通过禁用ThreadLocal内存泄漏检测来抑制此警告。
31-Oct-2024 08:38:01.020 警告 [main] org.apache.catalina.loader.WebappClassLoaderBase.clearReferencesRmiTargets 在Java 9上运行时，需要在JVM命令行参数中添加“-add opens=Java.rmi/sun.rmi.transport=ALL-UNNAMED”，以启用rmi目标内存泄漏检测。或者，可以通过禁用RMI目标内存泄漏检测来抑制此警告。
31-Oct-2024 08:38:01.020 警告 [main] org.apache.catalina.loader.WebappClassLoaderBase.clearReferencesObjectStreamClassCaches 在Java 9或更高版本上运行时,需要向JVM命令行参数中添加"--add opens=Java.base/Java.io=ALL-UNNAMED",以启用ObjectStream缓存内存泄漏保护.或者，可以通过禁用ObjectStream类缓存内存泄漏保护来抑制此警告.
31-Oct-2024 08:38:01.020 警告 [main] org.apache.catalina.loader.WebappClassLoaderBase.checkThreadLocalsForLeaks 在Java 9上运行时，需要在JVM命令行参数中添加“-add opens=Java.base/Java.lang=ALL-UNNAMED”，以启用线程本地内存泄漏检测。或者，可以通过禁用ThreadLocal内存泄漏检测来抑制此警告。
31-Oct-2024 08:38:01.020 警告 [main] org.apache.catalina.loader.WebappClassLoaderBase.clearReferencesRmiTargets 在Java 9上运行时，需要在JVM命令行参数中添加“-add opens=Java.rmi/sun.rmi.transport=ALL-UNNAMED”，以启用rmi目标内存泄漏检测。或者，可以通过禁用RMI目标内存泄漏检测来抑制此警告。
31-Oct-2024 08:38:01.020 信息 [main] org.apache.coyote.AbstractProtocol.stop 正在停止ProtocolHandler ["http-nio-8080"]
31-Oct-2024 08:38:01.030 信息 [main] org.apache.coyote.AbstractProtocol.destroy 正在摧毁协议处理器 ["http-nio-8080"]
31-Oct-2024 08:38:14.134 信息 [main] org.apache.catalina.startup.VersionLoggerListener.log Server.服务器版本: Apache Tomcat/9.0.95
31-Oct-2024 08:38:14.139 信息 [main] org.apache.catalina.startup.VersionLoggerListener.log 服务器构建:        Sep 13 2024 18:07:47 UTC
31-Oct-2024 08:38:14.139 信息 [main] org.apache.catalina.startup.VersionLoggerListener.log 服务器版本号:      9.0.95.0
31-Oct-2024 08:38:14.139 信息 [main] org.apache.catalina.startup.VersionLoggerListener.log 操作系统名称:      Windows 11
31-Oct-2024 08:38:14.139 信息 [main] org.apache.catalina.startup.VersionLoggerListener.log OS.版本:           10.0
31-Oct-2024 08:38:14.139 信息 [main] org.apache.catalina.startup.VersionLoggerListener.log 架构:              amd64
31-Oct-2024 08:38:14.139 信息 [main] org.apache.catalina.startup.VersionLoggerListener.log Java 环境变量:     C:\Program Files\Java\jdk-17
31-Oct-2024 08:38:14.139 信息 [main] org.apache.catalina.startup.VersionLoggerListener.log Java虚拟机版本:    17.0.10+11-LTS-240
31-Oct-2024 08:38:14.139 信息 [main] org.apache.catalina.startup.VersionLoggerListener.log JVM.供应商:        Oracle Corporation
31-Oct-2024 08:38:14.139 信息 [main] org.apache.catalina.startup.VersionLoggerListener.log CATALINA_BASE:     C:\Users\13120\Desktop\Code\WebTest\apache-tomcat-9.0.95
31-Oct-2024 08:38:14.139 信息 [main] org.apache.catalina.startup.VersionLoggerListener.log CATALINA_HOME:     C:\Users\13120\Desktop\Code\WebTest\apache-tomcat-9.0.95
31-Oct-2024 08:38:14.158 信息 [main] org.apache.catalina.startup.VersionLoggerListener.log 命令行参数：       -Djava.util.logging.config.file=c:\Users\13120\Desktop\Code\WebTest\apache-tomcat-9.0.95/conf/logging.properties
31-Oct-2024 08:38:14.158 信息 [main] org.apache.catalina.startup.VersionLoggerListener.log 命令行参数：       -Djava.util.logging.manager=org.apache.juli.ClassLoaderLogManager
31-Oct-2024 08:38:14.158 信息 [main] org.apache.catalina.startup.VersionLoggerListener.log 命令行参数：       -Djdk.tls.ephemeralDHKeySize=2048
31-Oct-2024 08:38:14.158 信息 [main] org.apache.catalina.startup.VersionLoggerListener.log 命令行参数：       -Djava.protocol.handler.pkgs=org.apache.catalina.webresources
31-Oct-2024 08:38:14.158 信息 [main] org.apache.catalina.startup.VersionLoggerListener.log 命令行参数：       -Dorg.apache.catalina.security.SecurityListener.UMASK=0027
31-Oct-2024 08:38:14.158 信息 [main] org.apache.catalina.startup.VersionLoggerListener.log 命令行参数：       -Dcatalina.base=c:\Users\13120\Desktop\Code\WebTest\apache-tomcat-9.0.95
31-Oct-2024 08:38:14.158 信息 [main] org.apache.catalina.startup.VersionLoggerListener.log 命令行参数：       -Dcatalina.home=c:\Users\13120\Desktop\Code\WebTest\apache-tomcat-9.0.95
31-Oct-2024 08:38:14.158 信息 [main] org.apache.catalina.startup.VersionLoggerListener.log 命令行参数：       -Djava.io.tmpdir=c:\Users\13120\Desktop\Code\WebTest\apache-tomcat-9.0.95/temp
31-Oct-2024 08:38:14.161 信息 [main] org.apache.catalina.core.AprLifecycleListener.lifecycleEvent 使用APR版本[1.7.4]加载了基于APR的Apache Tomcat本机库[1.3.1]。
31-Oct-2024 08:38:14.161 信息 [main] org.apache.catalina.core.AprLifecycleListener.lifecycleEvent APR功能：IPv6[true]、sendfile[true]、accept filters[false]、random[true]、UDS [true]。
31-Oct-2024 08:38:14.161 信息 [main] org.apache.catalina.core.AprLifecycleListener.lifecycleEvent APR/OpenSSL配置：useAprConnector[false]，useOpenSSL[true]
31-Oct-2024 08:38:14.170 信息 [main] org.apache.catalina.core.AprLifecycleListener.initializeSSL OpenSSL成功初始化 [OpenSSL 3.0.14 4 Jun 2024]
31-Oct-2024 08:38:14.417 信息 [main] org.apache.coyote.AbstractProtocol.init 初始化协议处理器 ["http-nio-8080"]
31-Oct-2024 08:38:14.444 信息 [main] org.apache.catalina.startup.Catalina.load 服务器在[523]毫秒内初始化
31-Oct-2024 08:38:14.493 信息 [main] org.apache.catalina.core.StandardService.startInternal 正在启动服务[Catalina]
31-Oct-2024 08:38:14.493 信息 [main] org.apache.catalina.core.StandardEngine.startInternal 正在启动 Servlet 引擎：[Apache Tomcat/9.0.95]
31-Oct-2024 08:38:14.511 信息 [main] org.apache.catalina.startup.HostConfig.deployWAR 正在部署web应用程序存档文件[C:\Users\13120\Desktop\Code\WebTest\apache-tomcat-9.0.95\webapps\demo.war]
31-Oct-2024 08:38:14.794 信息 [main] org.apache.catalina.startup.HostConfig.deployWAR web应用程序存档文件[C:\Users\13120\Desktop\Code\WebTest\apache-tomcat-9.0.95\webapps\demo.war]的部署已在[283]ms内完成
31-Oct-2024 08:38:14.808 信息 [main] org.apache.catalina.startup.HostConfig.deployDirectory 把web 应用程序部署到目录 [C:\Users\13120\Desktop\Code\WebTest\apache-tomcat-9.0.95\webapps\docs]
31-Oct-2024 08:38:14.849 信息 [main] org.apache.catalina.startup.HostConfig.deployDirectory Web应用程序目录[C:\Users\13120\Desktop\Code\WebTest\apache-tomcat-9.0.95\webapps\docs]的部署已在[41]毫秒内完成
31-Oct-2024 08:38:14.849 信息 [main] org.apache.catalina.startup.HostConfig.deployDirectory 把web 应用程序部署到目录 [C:\Users\13120\Desktop\Code\WebTest\apache-tomcat-9.0.95\webapps\examples]
31-Oct-2024 08:38:15.344 信息 [main] org.apache.catalina.startup.HostConfig.deployDirectory Web应用程序目录[C:\Users\13120\Desktop\Code\WebTest\apache-tomcat-9.0.95\webapps\examples]的部署已在[495]毫秒内完成
31-Oct-2024 08:38:15.344 信息 [main] org.apache.catalina.startup.HostConfig.deployDirectory 把web 应用程序部署到目录 [C:\Users\13120\Desktop\Code\WebTest\apache-tomcat-9.0.95\webapps\host-manager]
31-Oct-2024 08:38:15.388 信息 [main] org.apache.catalina.startup.HostConfig.deployDirectory Web应用程序目录[C:\Users\13120\Desktop\Code\WebTest\apache-tomcat-9.0.95\webapps\host-manager]的部署已在[44]毫秒内完成
31-Oct-2024 08:38:15.388 信息 [main] org.apache.catalina.startup.HostConfig.deployDirectory 把web 应用程序部署到目录 [C:\Users\13120\Desktop\Code\WebTest\apache-tomcat-9.0.95\webapps\JspTest]
31-Oct-2024 08:38:15.411 信息 [main] org.apache.catalina.startup.HostConfig.deployDirectory Web应用程序目录[C:\Users\13120\Desktop\Code\WebTest\apache-tomcat-9.0.95\webapps\JspTest]的部署已在[15]毫秒内完成
31-Oct-2024 08:38:15.411 信息 [main] org.apache.catalina.startup.HostConfig.deployDirectory 把web 应用程序部署到目录 [C:\Users\13120\Desktop\Code\WebTest\apache-tomcat-9.0.95\webapps\manager]
31-Oct-2024 08:38:15.444 信息 [main] org.apache.catalina.startup.HostConfig.deployDirectory Web应用程序目录[C:\Users\13120\Desktop\Code\WebTest\apache-tomcat-9.0.95\webapps\manager]的部署已在[33]毫秒内完成
31-Oct-2024 08:38:15.444 信息 [main] org.apache.catalina.startup.HostConfig.deployDirectory 把web 应用程序部署到目录 [C:\Users\13120\Desktop\Code\WebTest\apache-tomcat-9.0.95\webapps\ROOT]
31-Oct-2024 08:38:15.469 信息 [main] org.apache.catalina.startup.HostConfig.deployDirectory Web应用程序目录[C:\Users\13120\Desktop\Code\WebTest\apache-tomcat-9.0.95\webapps\ROOT]的部署已在[25]毫秒内完成
31-Oct-2024 08:38:15.477 信息 [main] org.apache.coyote.AbstractProtocol.start 开始协议处理句柄["http-nio-8080"]
31-Oct-2024 08:38:15.534 信息 [main] org.apache.catalina.startup.Catalina.start [1089]毫秒后服务器启动
31-Oct-2024 08:47:16.079 信息 [Catalina-utility-1] org.apache.catalina.startup.HostConfig.undeploy 正在取消部署上下文[/demo]
31-Oct-2024 08:47:16.082 警告 [Catalina-utility-1] org.apache.catalina.loader.WebappClassLoaderBase.clearReferencesObjectStreamClassCaches 在Java 9或更高版本上运行时,需要向JVM命令行参数中添加"--add opens=Java.base/Java.io=ALL-UNNAMED",以启用ObjectStream缓存内存泄漏保护.或者，可以通过禁用ObjectStream类缓存内存泄漏保护来抑制此警告.
31-Oct-2024 08:47:16.082 警告 [Catalina-utility-1] org.apache.catalina.loader.WebappClassLoaderBase.checkThreadLocalsForLeaks 在Java 9上运行时，需要在JVM命令行参数中添加“-add opens=Java.base/Java.lang=ALL-UNNAMED”，以启用线程本地内存泄漏检测。或者，可以通过禁用ThreadLocal内存泄漏检测来抑制此警告。
31-Oct-2024 08:47:16.082 警告 [Catalina-utility-1] org.apache.catalina.loader.WebappClassLoaderBase.clearReferencesRmiTargets 在Java 9上运行时，需要在JVM命令行参数中添加“-add opens=Java.rmi/sun.rmi.transport=ALL-UNNAMED”，以启用rmi目标内存泄漏检测。或者，可以通过禁用RMI目标内存泄漏检测来抑制此警告。
31-Oct-2024 08:47:16.605 信息 [Catalina-utility-1] org.apache.catalina.startup.HostConfig.undeploy 正在取消部署上下文[/JspTest]
31-Oct-2024 08:47:16.605 警告 [Catalina-utility-1] org.apache.catalina.loader.WebappClassLoaderBase.clearReferencesObjectStreamClassCaches 在Java 9或更高版本上运行时,需要向JVM命令行参数中添加"--add opens=Java.base/Java.io=ALL-UNNAMED",以启用ObjectStream缓存内存泄漏保护.或者，可以通过禁用ObjectStream类缓存内存泄漏保护来抑制此警告.
31-Oct-2024 08:47:16.605 警告 [Catalina-utility-1] org.apache.catalina.loader.WebappClassLoaderBase.checkThreadLocalsForLeaks 在Java 9上运行时，需要在JVM命令行参数中添加“-add opens=Java.base/Java.lang=ALL-UNNAMED”，以启用线程本地内存泄漏检测。或者，可以通过禁用ThreadLocal内存泄漏检测来抑制此警告。
31-Oct-2024 08:47:16.605 警告 [Catalina-utility-1] org.apache.catalina.loader.WebappClassLoaderBase.clearReferencesRmiTargets 在Java 9上运行时，需要在JVM命令行参数中添加“-add opens=Java.rmi/sun.rmi.transport=ALL-UNNAMED”，以启用rmi目标内存泄漏检测。或者，可以通过禁用RMI目标内存泄漏检测来抑制此警告。
31-Oct-2024 08:48:16.674 信息 [Catalina-utility-1] org.apache.catalina.startup.HostConfig.deployDirectory 把web 应用程序部署到目录 [C:\Users\13120\Desktop\Code\WebTest\apache-tomcat-9.0.95\webapps\WebMuban]
31-Oct-2024 08:48:16.700 信息 [Catalina-utility-1] org.apache.catalina.startup.HostConfig.deployDirectory Web应用程序目录[C:\Users\13120\Desktop\Code\WebTest\apache-tomcat-9.0.95\webapps\WebMuban]的部署已在[26]毫秒内完成
31-Oct-2024 09:03:48.166 信息 [Catalina-utility-2] org.apache.catalina.startup.HostConfig.undeploy 正在取消部署上下文[/WebMuban]
31-Oct-2024 09:03:48.168 警告 [Catalina-utility-2] org.apache.catalina.loader.WebappClassLoaderBase.clearReferencesObjectStreamClassCaches 在Java 9或更高版本上运行时,需要向JVM命令行参数中添加"--add opens=Java.base/Java.io=ALL-UNNAMED",以启用ObjectStream缓存内存泄漏保护.或者，可以通过禁用ObjectStream类缓存内存泄漏保护来抑制此警告.
31-Oct-2024 09:03:48.168 警告 [Catalina-utility-2] org.apache.catalina.loader.WebappClassLoaderBase.checkThreadLocalsForLeaks 在Java 9上运行时，需要在JVM命令行参数中添加“-add opens=Java.base/Java.lang=ALL-UNNAMED”，以启用线程本地内存泄漏检测。或者，可以通过禁用ThreadLocal内存泄漏检测来抑制此警告。
31-Oct-2024 09:03:48.170 警告 [Catalina-utility-2] org.apache.catalina.loader.WebappClassLoaderBase.clearReferencesRmiTargets 在Java 9上运行时，需要在JVM命令行参数中添加“-add opens=Java.rmi/sun.rmi.transport=ALL-UNNAMED”，以启用rmi目标内存泄漏检测。或者，可以通过禁用RMI目标内存泄漏检测来抑制此警告。
31-Oct-2024 09:03:58.191 信息 [Catalina-utility-1] org.apache.catalina.startup.HostConfig.deployDirectory 把web 应用程序部署到目录 [C:\Users\13120\Desktop\Code\WebTest\apache-tomcat-9.0.95\webapps\webapp]
31-Oct-2024 09:03:58.214 信息 [Catalina-utility-1] org.apache.catalina.startup.HostConfig.deployDirectory Web应用程序目录[C:\Users\13120\Desktop\Code\WebTest\apache-tomcat-9.0.95\webapps\webapp]的部署已在[23]毫秒内完成
31-Oct-2024 09:08:08.477 信息 [main] org.apache.catalina.core.StandardServer.await 通过关闭端口接收到有效的关闭命令。正在停止服务器实例。
31-Oct-2024 09:08:08.480 信息 [main] org.apache.coyote.AbstractProtocol.pause 暂停ProtocolHandler["http-nio-8080"]
31-Oct-2024 09:08:08.612 信息 [main] org.apache.catalina.core.StandardService.stopInternal 正在停止服务[Catalina]
31-Oct-2024 09:08:08.612 警告 [main] org.apache.catalina.loader.WebappClassLoaderBase.clearReferencesObjectStreamClassCaches 在Java 9或更高版本上运行时,需要向JVM命令行参数中添加"--add opens=Java.base/Java.io=ALL-UNNAMED",以启用ObjectStream缓存内存泄漏保护.或者，可以通过禁用ObjectStream类缓存内存泄漏保护来抑制此警告.
31-Oct-2024 09:08:08.612 警告 [main] org.apache.catalina.loader.WebappClassLoaderBase.checkThreadLocalsForLeaks 在Java 9上运行时，需要在JVM命令行参数中添加“-add opens=Java.base/Java.lang=ALL-UNNAMED”，以启用线程本地内存泄漏检测。或者，可以通过禁用ThreadLocal内存泄漏检测来抑制此警告。
31-Oct-2024 09:08:08.612 警告 [main] org.apache.catalina.loader.WebappClassLoaderBase.clearReferencesRmiTargets 在Java 9上运行时，需要在JVM命令行参数中添加“-add opens=Java.rmi/sun.rmi.transport=ALL-UNNAMED”，以启用rmi目标内存泄漏检测。或者，可以通过禁用RMI目标内存泄漏检测来抑制此警告。
31-Oct-2024 09:08:08.612 警告 [main] org.apache.catalina.loader.WebappClassLoaderBase.clearReferencesObjectStreamClassCaches 在Java 9或更高版本上运行时,需要向JVM命令行参数中添加"--add opens=Java.base/Java.io=ALL-UNNAMED",以启用ObjectStream缓存内存泄漏保护.或者，可以通过禁用ObjectStream类缓存内存泄漏保护来抑制此警告.
31-Oct-2024 09:08:08.612 警告 [main] org.apache.catalina.loader.WebappClassLoaderBase.checkThreadLocalsForLeaks 在Java 9上运行时，需要在JVM命令行参数中添加“-add opens=Java.base/Java.lang=ALL-UNNAMED”，以启用线程本地内存泄漏检测。或者，可以通过禁用ThreadLocal内存泄漏检测来抑制此警告。
31-Oct-2024 09:08:08.612 警告 [main] org.apache.catalina.loader.WebappClassLoaderBase.clearReferencesRmiTargets 在Java 9上运行时，需要在JVM命令行参数中添加“-add opens=Java.rmi/sun.rmi.transport=ALL-UNNAMED”，以启用rmi目标内存泄漏检测。或者，可以通过禁用RMI目标内存泄漏检测来抑制此警告。
31-Oct-2024 09:08:08.625 警告 [main] org.apache.catalina.loader.WebappClassLoaderBase.clearReferencesObjectStreamClassCaches 在Java 9或更高版本上运行时,需要向JVM命令行参数中添加"--add opens=Java.base/Java.io=ALL-UNNAMED",以启用ObjectStream缓存内存泄漏保护.或者，可以通过禁用ObjectStream类缓存内存泄漏保护来抑制此警告.
31-Oct-2024 09:08:08.625 警告 [main] org.apache.catalina.loader.WebappClassLoaderBase.checkThreadLocalsForLeaks 在Java 9上运行时，需要在JVM命令行参数中添加“-add opens=Java.base/Java.lang=ALL-UNNAMED”，以启用线程本地内存泄漏检测。或者，可以通过禁用ThreadLocal内存泄漏检测来抑制此警告。
31-Oct-2024 09:08:08.625 警告 [main] org.apache.catalina.loader.WebappClassLoaderBase.clearReferencesRmiTargets 在Java 9上运行时，需要在JVM命令行参数中添加“-add opens=Java.rmi/sun.rmi.transport=ALL-UNNAMED”，以启用rmi目标内存泄漏检测。或者，可以通过禁用RMI目标内存泄漏检测来抑制此警告。
31-Oct-2024 09:08:08.625 警告 [main] org.apache.catalina.loader.WebappClassLoaderBase.clearReferencesObjectStreamClassCaches 在Java 9或更高版本上运行时,需要向JVM命令行参数中添加"--add opens=Java.base/Java.io=ALL-UNNAMED",以启用ObjectStream缓存内存泄漏保护.或者，可以通过禁用ObjectStream类缓存内存泄漏保护来抑制此警告.
31-Oct-2024 09:08:08.625 警告 [main] org.apache.catalina.loader.WebappClassLoaderBase.checkThreadLocalsForLeaks 在Java 9上运行时，需要在JVM命令行参数中添加“-add opens=Java.base/Java.lang=ALL-UNNAMED”，以启用线程本地内存泄漏检测。或者，可以通过禁用ThreadLocal内存泄漏检测来抑制此警告。
31-Oct-2024 09:08:08.625 警告 [main] org.apache.catalina.loader.WebappClassLoaderBase.clearReferencesRmiTargets 在Java 9上运行时，需要在JVM命令行参数中添加“-add opens=Java.rmi/sun.rmi.transport=ALL-UNNAMED”，以启用rmi目标内存泄漏检测。或者，可以通过禁用RMI目标内存泄漏检测来抑制此警告。
31-Oct-2024 09:08:08.641 警告 [main] org.apache.catalina.loader.WebappClassLoaderBase.clearReferencesObjectStreamClassCaches 在Java 9或更高版本上运行时,需要向JVM命令行参数中添加"--add opens=Java.base/Java.io=ALL-UNNAMED",以启用ObjectStream缓存内存泄漏保护.或者，可以通过禁用ObjectStream类缓存内存泄漏保护来抑制此警告.
31-Oct-2024 09:08:08.641 警告 [main] org.apache.catalina.loader.WebappClassLoaderBase.checkThreadLocalsForLeaks 在Java 9上运行时，需要在JVM命令行参数中添加“-add opens=Java.base/Java.lang=ALL-UNNAMED”，以启用线程本地内存泄漏检测。或者，可以通过禁用ThreadLocal内存泄漏检测来抑制此警告。
31-Oct-2024 09:08:08.641 警告 [main] org.apache.catalina.loader.WebappClassLoaderBase.clearReferencesRmiTargets 在Java 9上运行时，需要在JVM命令行参数中添加“-add opens=Java.rmi/sun.rmi.transport=ALL-UNNAMED”，以启用rmi目标内存泄漏检测。或者，可以通过禁用RMI目标内存泄漏检测来抑制此警告。
31-Oct-2024 09:08:08.644 警告 [main] org.apache.catalina.loader.WebappClassLoaderBase.clearReferencesObjectStreamClassCaches 在Java 9或更高版本上运行时,需要向JVM命令行参数中添加"--add opens=Java.base/Java.io=ALL-UNNAMED",以启用ObjectStream缓存内存泄漏保护.或者，可以通过禁用ObjectStream类缓存内存泄漏保护来抑制此警告.
31-Oct-2024 09:08:08.644 警告 [main] org.apache.catalina.loader.WebappClassLoaderBase.checkThreadLocalsForLeaks 在Java 9上运行时，需要在JVM命令行参数中添加“-add opens=Java.base/Java.lang=ALL-UNNAMED”，以启用线程本地内存泄漏检测。或者，可以通过禁用ThreadLocal内存泄漏检测来抑制此警告。
31-Oct-2024 09:08:08.644 警告 [main] org.apache.catalina.loader.WebappClassLoaderBase.clearReferencesRmiTargets 在Java 9上运行时，需要在JVM命令行参数中添加“-add opens=Java.rmi/sun.rmi.transport=ALL-UNNAMED”，以启用rmi目标内存泄漏检测。或者，可以通过禁用RMI目标内存泄漏检测来抑制此警告。
31-Oct-2024 09:08:08.646 信息 [main] org.apache.coyote.AbstractProtocol.stop 正在停止ProtocolHandler ["http-nio-8080"]
31-Oct-2024 09:08:08.663 信息 [main] org.apache.coyote.AbstractProtocol.destroy 正在摧毁协议处理器 ["http-nio-8080"]
31-Oct-2024 09:10:10.387 信息 [main] org.apache.catalina.startup.VersionLoggerListener.log Server.服务器版本: Apache Tomcat/9.0.95
31-Oct-2024 09:10:10.394 信息 [main] org.apache.catalina.startup.VersionLoggerListener.log 服务器构建:        Sep 13 2024 18:07:47 UTC
31-Oct-2024 09:10:10.394 信息 [main] org.apache.catalina.startup.VersionLoggerListener.log 服务器版本号:      9.0.95.0
31-Oct-2024 09:10:10.394 信息 [main] org.apache.catalina.startup.VersionLoggerListener.log 操作系统名称:      Windows 11
31-Oct-2024 09:10:10.394 信息 [main] org.apache.catalina.startup.VersionLoggerListener.log OS.版本:           10.0
31-Oct-2024 09:10:10.394 信息 [main] org.apache.catalina.startup.VersionLoggerListener.log 架构:              amd64
31-Oct-2024 09:10:10.394 信息 [main] org.apache.catalina.startup.VersionLoggerListener.log Java 环境变量:     C:\Program Files\Java\jdk-17
31-Oct-2024 09:10:10.394 信息 [main] org.apache.catalina.startup.VersionLoggerListener.log Java虚拟机版本:    17.0.10+11-LTS-240
31-Oct-2024 09:10:10.394 信息 [main] org.apache.catalina.startup.VersionLoggerListener.log JVM.供应商:        Oracle Corporation
31-Oct-2024 09:10:10.394 信息 [main] org.apache.catalina.startup.VersionLoggerListener.log CATALINA_BASE:     C:\Users\13120\Desktop\Code\WebTest\apache-tomcat-9.0.95
31-Oct-2024 09:10:10.394 信息 [main] org.apache.catalina.startup.VersionLoggerListener.log CATALINA_HOME:     C:\Users\13120\Desktop\Code\WebTest\apache-tomcat-9.0.95
31-Oct-2024 09:10:10.410 信息 [main] org.apache.catalina.startup.VersionLoggerListener.log 命令行参数：       -Djava.util.logging.config.file=c:\Users\13120\Desktop\Code\WebTest\apache-tomcat-9.0.95/conf/logging.properties
31-Oct-2024 09:10:10.410 信息 [main] org.apache.catalina.startup.VersionLoggerListener.log 命令行参数：       -Djava.util.logging.manager=org.apache.juli.ClassLoaderLogManager
31-Oct-2024 09:10:10.410 信息 [main] org.apache.catalina.startup.VersionLoggerListener.log 命令行参数：       -Djdk.tls.ephemeralDHKeySize=2048
31-Oct-2024 09:10:10.410 信息 [main] org.apache.catalina.startup.VersionLoggerListener.log 命令行参数：       -Djava.protocol.handler.pkgs=org.apache.catalina.webresources
31-Oct-2024 09:10:10.410 信息 [main] org.apache.catalina.startup.VersionLoggerListener.log 命令行参数：       -Dorg.apache.catalina.security.SecurityListener.UMASK=0027
31-Oct-2024 09:10:10.410 信息 [main] org.apache.catalina.startup.VersionLoggerListener.log 命令行参数：       -Dcatalina.base=c:\Users\13120\Desktop\Code\WebTest\apache-tomcat-9.0.95
31-Oct-2024 09:10:10.410 信息 [main] org.apache.catalina.startup.VersionLoggerListener.log 命令行参数：       -Dcatalina.home=c:\Users\13120\Desktop\Code\WebTest\apache-tomcat-9.0.95
31-Oct-2024 09:10:10.410 信息 [main] org.apache.catalina.startup.VersionLoggerListener.log 命令行参数：       -Djava.io.tmpdir=c:\Users\13120\Desktop\Code\WebTest\apache-tomcat-9.0.95/temp
31-Oct-2024 09:10:10.410 信息 [main] org.apache.catalina.core.AprLifecycleListener.lifecycleEvent 使用APR版本[1.7.4]加载了基于APR的Apache Tomcat本机库[1.3.1]。
31-Oct-2024 09:10:10.410 信息 [main] org.apache.catalina.core.AprLifecycleListener.lifecycleEvent APR功能：IPv6[true]、sendfile[true]、accept filters[false]、random[true]、UDS [true]。
31-Oct-2024 09:10:10.410 信息 [main] org.apache.catalina.core.AprLifecycleListener.lifecycleEvent APR/OpenSSL配置：useAprConnector[false]，useOpenSSL[true]
31-Oct-2024 09:10:10.421 信息 [main] org.apache.catalina.core.AprLifecycleListener.initializeSSL OpenSSL成功初始化 [OpenSSL 3.0.14 4 Jun 2024]
31-Oct-2024 09:10:10.688 信息 [main] org.apache.coyote.AbstractProtocol.init 初始化协议处理器 ["http-nio-8080"]
31-Oct-2024 09:10:10.722 信息 [main] org.apache.catalina.startup.Catalina.load 服务器在[538]毫秒内初始化
31-Oct-2024 09:10:10.761 信息 [main] org.apache.catalina.core.StandardService.startInternal 正在启动服务[Catalina]
31-Oct-2024 09:10:10.761 信息 [main] org.apache.catalina.core.StandardEngine.startInternal 正在启动 Servlet 引擎：[Apache Tomcat/9.0.95]
31-Oct-2024 09:10:10.772 信息 [main] org.apache.catalina.startup.HostConfig.deployDirectory 把web 应用程序部署到目录 [C:\Users\13120\Desktop\Code\WebTest\apache-tomcat-9.0.95\webapps\docs]
31-Oct-2024 09:10:11.090 信息 [main] org.apache.catalina.startup.HostConfig.deployDirectory Web应用程序目录[C:\Users\13120\Desktop\Code\WebTest\apache-tomcat-9.0.95\webapps\docs]的部署已在[314]毫秒内完成
31-Oct-2024 09:10:11.090 信息 [main] org.apache.catalina.startup.HostConfig.deployDirectory 把web 应用程序部署到目录 [C:\Users\13120\Desktop\Code\WebTest\apache-tomcat-9.0.95\webapps\examples]
31-Oct-2024 09:10:11.489 信息 [main] org.apache.catalina.startup.HostConfig.deployDirectory Web应用程序目录[C:\Users\13120\Desktop\Code\WebTest\apache-tomcat-9.0.95\webapps\examples]的部署已在[399]毫秒内完成
31-Oct-2024 09:10:11.489 信息 [main] org.apache.catalina.startup.HostConfig.deployDirectory 把web 应用程序部署到目录 [C:\Users\13120\Desktop\Code\WebTest\apache-tomcat-9.0.95\webapps\host-manager]
31-Oct-2024 09:10:11.528 信息 [main] org.apache.catalina.startup.HostConfig.deployDirectory Web应用程序目录[C:\Users\13120\Desktop\Code\WebTest\apache-tomcat-9.0.95\webapps\host-manager]的部署已在[39]毫秒内完成
31-Oct-2024 09:10:11.528 信息 [main] org.apache.catalina.startup.HostConfig.deployDirectory 把web 应用程序部署到目录 [C:\Users\13120\Desktop\Code\WebTest\apache-tomcat-9.0.95\webapps\manager]
31-Oct-2024 09:10:11.570 信息 [main] org.apache.catalina.startup.HostConfig.deployDirectory Web应用程序目录[C:\Users\13120\Desktop\Code\WebTest\apache-tomcat-9.0.95\webapps\manager]的部署已在[42]毫秒内完成
31-Oct-2024 09:10:11.570 信息 [main] org.apache.catalina.startup.HostConfig.deployDirectory 把web 应用程序部署到目录 [C:\Users\13120\Desktop\Code\WebTest\apache-tomcat-9.0.95\webapps\ROOT]
31-Oct-2024 09:10:11.591 信息 [main] org.apache.catalina.startup.HostConfig.deployDirectory Web应用程序目录[C:\Users\13120\Desktop\Code\WebTest\apache-tomcat-9.0.95\webapps\ROOT]的部署已在[21]毫秒内完成
31-Oct-2024 09:10:11.591 信息 [main] org.apache.catalina.startup.HostConfig.deployDirectory 把web 应用程序部署到目录 [C:\Users\13120\Desktop\Code\WebTest\apache-tomcat-9.0.95\webapps\webapp]
31-Oct-2024 09:10:11.641 信息 [main] org.apache.catalina.startup.HostConfig.deployDirectory Web应用程序目录[C:\Users\13120\Desktop\Code\WebTest\apache-tomcat-9.0.95\webapps\webapp]的部署已在[50]毫秒内完成
31-Oct-2024 09:10:11.649 信息 [main] org.apache.coyote.AbstractProtocol.start 开始协议处理句柄["http-nio-8080"]
31-Oct-2024 09:10:11.690 信息 [main] org.apache.catalina.startup.Catalina.start [967]毫秒后服务器启动
