28-Sep-2024 21:52:06.962 信息 [main] org.apache.catalina.startup.VersionLoggerListener.log Server.服务器版本: Apache Tomcat/9.0.95
28-Sep-2024 21:52:06.970 信息 [main] org.apache.catalina.startup.VersionLoggerListener.log 服务器构建:        Sep 13 2024 18:07:47 UTC
28-Sep-2024 21:52:06.970 信息 [main] org.apache.catalina.startup.VersionLoggerListener.log 服务器版本号:      9.0.95.0
28-Sep-2024 21:52:06.970 信息 [main] org.apache.catalina.startup.VersionLoggerListener.log 操作系统名称:      Windows 11
28-Sep-2024 21:52:06.970 信息 [main] org.apache.catalina.startup.VersionLoggerListener.log OS.版本:           10.0
28-Sep-2024 21:52:06.970 信息 [main] org.apache.catalina.startup.VersionLoggerListener.log 架构:              amd64
28-Sep-2024 21:52:06.972 信息 [main] org.apache.catalina.startup.VersionLoggerListener.log Java 环境变量:     E:\jdk-17.0.4.1
28-Sep-2024 21:52:06.972 信息 [main] org.apache.catalina.startup.VersionLoggerListener.log Java虚拟机版本:    17.0.4.1+1-LTS-2
28-Sep-2024 21:52:06.972 信息 [main] org.apache.catalina.startup.VersionLoggerListener.log JVM.供应商:        Oracle Corporation
28-Sep-2024 21:52:06.973 信息 [main] org.apache.catalina.startup.VersionLoggerListener.log CATALINA_BASE:     C:\Users\13120\Desktop\学习\Web\apache-tomcat-9.0.95
28-Sep-2024 21:52:06.973 信息 [main] org.apache.catalina.startup.VersionLoggerListener.log CATALINA_HOME:     C:\Users\13120\Desktop\学习\Web\apache-tomcat-9.0.95
28-Sep-2024 21:52:06.992 信息 [main] org.apache.catalina.startup.VersionLoggerListener.log 命令行参数：       --add-opens=java.base/java.lang=ALL-UNNAMED
28-Sep-2024 21:52:06.992 信息 [main] org.apache.catalina.startup.VersionLoggerListener.log 命令行参数：       --add-opens=java.base/java.io=ALL-UNNAMED
28-Sep-2024 21:52:06.992 信息 [main] org.apache.catalina.startup.VersionLoggerListener.log 命令行参数：       --add-opens=java.base/java.util=ALL-UNNAMED
28-Sep-2024 21:52:06.993 信息 [main] org.apache.catalina.startup.VersionLoggerListener.log 命令行参数：       --add-opens=java.base/java.util.concurrent=ALL-UNNAMED
28-Sep-2024 21:52:06.993 信息 [main] org.apache.catalina.startup.VersionLoggerListener.log 命令行参数：       --add-opens=java.rmi/sun.rmi.transport=ALL-UNNAMED
28-Sep-2024 21:52:06.993 信息 [main] org.apache.catalina.startup.VersionLoggerListener.log 命令行参数：       -Djava.util.logging.config.file=C:\Users\13120\Desktop\学习\Web\apache-tomcat-9.0.95\conf\logging.properties
28-Sep-2024 21:52:06.994 信息 [main] org.apache.catalina.startup.VersionLoggerListener.log 命令行参数：       -Djava.util.logging.manager=org.apache.juli.ClassLoaderLogManager
28-Sep-2024 21:52:06.994 信息 [main] org.apache.catalina.startup.VersionLoggerListener.log 命令行参数：       -Djdk.tls.ephemeralDHKeySize=2048
28-Sep-2024 21:52:06.994 信息 [main] org.apache.catalina.startup.VersionLoggerListener.log 命令行参数：       -Djava.protocol.handler.pkgs=org.apache.catalina.webresources
28-Sep-2024 21:52:06.994 信息 [main] org.apache.catalina.startup.VersionLoggerListener.log 命令行参数：       -Dignore.endorsed.dirs=
28-Sep-2024 21:52:06.994 信息 [main] org.apache.catalina.startup.VersionLoggerListener.log 命令行参数：       -Dcatalina.base=C:\Users\13120\Desktop\学习\Web\apache-tomcat-9.0.95
28-Sep-2024 21:52:06.996 信息 [main] org.apache.catalina.startup.VersionLoggerListener.log 命令行参数：       -Dcatalina.home=C:\Users\13120\Desktop\学习\Web\apache-tomcat-9.0.95
28-Sep-2024 21:52:06.996 信息 [main] org.apache.catalina.startup.VersionLoggerListener.log 命令行参数：       -Djava.io.tmpdir=C:\Users\13120\Desktop\学习\Web\apache-tomcat-9.0.95\temp
28-Sep-2024 21:52:06.999 信息 [main] org.apache.catalina.core.AprLifecycleListener.lifecycleEvent 使用APR版本[1.7.4]加载了基于APR的Apache Tomcat本机库[1.3.1]。
28-Sep-2024 21:52:06.999 信息 [main] org.apache.catalina.core.AprLifecycleListener.lifecycleEvent APR功能：IPv6[true]、sendfile[true]、accept filters[false]、random[true]、UDS [true]。
28-Sep-2024 21:52:06.999 信息 [main] org.apache.catalina.core.AprLifecycleListener.lifecycleEvent APR/OpenSSL配置：useAprConnector[false]，useOpenSSL[true]
28-Sep-2024 21:52:07.005 信息 [main] org.apache.catalina.core.AprLifecycleListener.initializeSSL OpenSSL成功初始化 [OpenSSL 3.0.14 4 Jun 2024]
28-Sep-2024 21:52:07.271 信息 [main] org.apache.coyote.AbstractProtocol.init 初始化协议处理器 ["http-nio-8080"]
28-Sep-2024 21:52:07.305 信息 [main] org.apache.catalina.startup.Catalina.load 服务器在[583]毫秒内初始化
28-Sep-2024 21:52:07.372 信息 [main] org.apache.catalina.core.StandardService.startInternal 正在启动服务[Catalina]
28-Sep-2024 21:52:07.372 信息 [main] org.apache.catalina.core.StandardEngine.startInternal 正在启动 Servlet 引擎：[Apache Tomcat/9.0.95]
28-Sep-2024 21:52:07.381 信息 [main] org.apache.catalina.startup.HostConfig.deployDirectory 把web 应用程序部署到目录 [C:\Users\13120\Desktop\学习\Web\apache-tomcat-9.0.95\webapps\docs]
28-Sep-2024 21:52:07.698 信息 [main] org.apache.catalina.startup.HostConfig.deployDirectory Web应用程序目录[C:\Users\13120\Desktop\学习\Web\apache-tomcat-9.0.95\webapps\docs]的部署已在[315]毫秒内完成
28-Sep-2024 21:52:07.698 信息 [main] org.apache.catalina.startup.HostConfig.deployDirectory 把web 应用程序部署到目录 [C:\Users\13120\Desktop\学习\Web\apache-tomcat-9.0.95\webapps\examples]
28-Sep-2024 21:52:08.040 信息 [main] org.apache.catalina.startup.HostConfig.deployDirectory Web应用程序目录[C:\Users\13120\Desktop\学习\Web\apache-tomcat-9.0.95\webapps\examples]的部署已在[342]毫秒内完成
28-Sep-2024 21:52:08.040 信息 [main] org.apache.catalina.startup.HostConfig.deployDirectory 把web 应用程序部署到目录 [C:\Users\13120\Desktop\学习\Web\apache-tomcat-9.0.95\webapps\host-manager]
28-Sep-2024 21:52:08.071 信息 [main] org.apache.catalina.startup.HostConfig.deployDirectory Web应用程序目录[C:\Users\13120\Desktop\学习\Web\apache-tomcat-9.0.95\webapps\host-manager]的部署已在[31]毫秒内完成
28-Sep-2024 21:52:08.071 信息 [main] org.apache.catalina.startup.HostConfig.deployDirectory 把web 应用程序部署到目录 [C:\Users\13120\Desktop\学习\Web\apache-tomcat-9.0.95\webapps\manager]
28-Sep-2024 21:52:08.098 信息 [main] org.apache.catalina.startup.HostConfig.deployDirectory Web应用程序目录[C:\Users\13120\Desktop\学习\Web\apache-tomcat-9.0.95\webapps\manager]的部署已在[26]毫秒内完成
28-Sep-2024 21:52:08.098 信息 [main] org.apache.catalina.startup.HostConfig.deployDirectory 把web 应用程序部署到目录 [C:\Users\13120\Desktop\学习\Web\apache-tomcat-9.0.95\webapps\ROOT]
28-Sep-2024 21:52:08.116 信息 [main] org.apache.catalina.startup.HostConfig.deployDirectory Web应用程序目录[C:\Users\13120\Desktop\学习\Web\apache-tomcat-9.0.95\webapps\ROOT]的部署已在[18]毫秒内完成
28-Sep-2024 21:52:08.120 信息 [main] org.apache.coyote.AbstractProtocol.start 开始协议处理句柄["http-nio-8080"]
28-Sep-2024 21:52:08.177 信息 [main] org.apache.catalina.startup.Catalina.start [873]毫秒后服务器启动
28-Sep-2024 21:52:22.258 信息 [main] org.apache.catalina.core.StandardServer.await 通过关闭端口接收到有效的关闭命令。正在停止服务器实例。
28-Sep-2024 21:52:22.258 信息 [main] org.apache.coyote.AbstractProtocol.pause 暂停ProtocolHandler["http-nio-8080"]
28-Sep-2024 21:52:22.467 信息 [main] org.apache.catalina.core.StandardService.stopInternal 正在停止服务[Catalina]
28-Sep-2024 21:52:22.491 信息 [main] org.apache.coyote.AbstractProtocol.stop 正在停止ProtocolHandler ["http-nio-8080"]
28-Sep-2024 21:52:22.508 信息 [main] org.apache.coyote.AbstractProtocol.destroy 正在摧毁协议处理器 ["http-nio-8080"]
28-Sep-2024 21:54:25.851 信息 [main] org.apache.catalina.startup.VersionLoggerListener.log Server.服务器版本: Apache Tomcat/9.0.95
28-Sep-2024 21:54:25.854 信息 [main] org.apache.catalina.startup.VersionLoggerListener.log 服务器构建:        Sep 13 2024 18:07:47 UTC
28-Sep-2024 21:54:25.854 信息 [main] org.apache.catalina.startup.VersionLoggerListener.log 服务器版本号:      9.0.95.0
28-Sep-2024 21:54:25.855 信息 [main] org.apache.catalina.startup.VersionLoggerListener.log 操作系统名称:      Windows 11
28-Sep-2024 21:54:25.855 信息 [main] org.apache.catalina.startup.VersionLoggerListener.log OS.版本:           10.0
28-Sep-2024 21:54:25.855 信息 [main] org.apache.catalina.startup.VersionLoggerListener.log 架构:              amd64
28-Sep-2024 21:54:25.855 信息 [main] org.apache.catalina.startup.VersionLoggerListener.log Java 环境变量:     E:\jdk-17.0.4.1
28-Sep-2024 21:54:25.855 信息 [main] org.apache.catalina.startup.VersionLoggerListener.log Java虚拟机版本:    17.0.4.1+1-LTS-2
28-Sep-2024 21:54:25.855 信息 [main] org.apache.catalina.startup.VersionLoggerListener.log JVM.供应商:        Oracle Corporation
28-Sep-2024 21:54:25.855 信息 [main] org.apache.catalina.startup.VersionLoggerListener.log CATALINA_BASE:     C:\Users\13120\Desktop\学习\Web\apache-tomcat-9.0.95
28-Sep-2024 21:54:25.855 信息 [main] org.apache.catalina.startup.VersionLoggerListener.log CATALINA_HOME:     C:\Users\13120\Desktop\学习\Web\apache-tomcat-9.0.95
28-Sep-2024 21:54:25.862 信息 [main] org.apache.catalina.startup.VersionLoggerListener.log 命令行参数：       --add-opens=java.base/java.lang=ALL-UNNAMED
28-Sep-2024 21:54:25.863 信息 [main] org.apache.catalina.startup.VersionLoggerListener.log 命令行参数：       --add-opens=java.base/java.io=ALL-UNNAMED
28-Sep-2024 21:54:25.863 信息 [main] org.apache.catalina.startup.VersionLoggerListener.log 命令行参数：       --add-opens=java.base/java.util=ALL-UNNAMED
28-Sep-2024 21:54:25.863 信息 [main] org.apache.catalina.startup.VersionLoggerListener.log 命令行参数：       --add-opens=java.base/java.util.concurrent=ALL-UNNAMED
28-Sep-2024 21:54:25.863 信息 [main] org.apache.catalina.startup.VersionLoggerListener.log 命令行参数：       --add-opens=java.rmi/sun.rmi.transport=ALL-UNNAMED
28-Sep-2024 21:54:25.863 信息 [main] org.apache.catalina.startup.VersionLoggerListener.log 命令行参数：       -Djava.util.logging.config.file=C:\Users\13120\Desktop\学习\Web\apache-tomcat-9.0.95\conf\logging.properties
28-Sep-2024 21:54:25.864 信息 [main] org.apache.catalina.startup.VersionLoggerListener.log 命令行参数：       -Djava.util.logging.manager=org.apache.juli.ClassLoaderLogManager
28-Sep-2024 21:54:25.864 信息 [main] org.apache.catalina.startup.VersionLoggerListener.log 命令行参数：       -Djdk.tls.ephemeralDHKeySize=2048
28-Sep-2024 21:54:25.864 信息 [main] org.apache.catalina.startup.VersionLoggerListener.log 命令行参数：       -Djava.protocol.handler.pkgs=org.apache.catalina.webresources
28-Sep-2024 21:54:25.865 信息 [main] org.apache.catalina.startup.VersionLoggerListener.log 命令行参数：       -Dignore.endorsed.dirs=
28-Sep-2024 21:54:25.865 信息 [main] org.apache.catalina.startup.VersionLoggerListener.log 命令行参数：       -Dcatalina.base=C:\Users\13120\Desktop\学习\Web\apache-tomcat-9.0.95
28-Sep-2024 21:54:25.865 信息 [main] org.apache.catalina.startup.VersionLoggerListener.log 命令行参数：       -Dcatalina.home=C:\Users\13120\Desktop\学习\Web\apache-tomcat-9.0.95
28-Sep-2024 21:54:25.865 信息 [main] org.apache.catalina.startup.VersionLoggerListener.log 命令行参数：       -Djava.io.tmpdir=C:\Users\13120\Desktop\学习\Web\apache-tomcat-9.0.95\temp
28-Sep-2024 21:54:25.867 信息 [main] org.apache.catalina.core.AprLifecycleListener.lifecycleEvent 使用APR版本[1.7.4]加载了基于APR的Apache Tomcat本机库[1.3.1]。
28-Sep-2024 21:54:25.868 信息 [main] org.apache.catalina.core.AprLifecycleListener.lifecycleEvent APR功能：IPv6[true]、sendfile[true]、accept filters[false]、random[true]、UDS [true]。
28-Sep-2024 21:54:25.868 信息 [main] org.apache.catalina.core.AprLifecycleListener.lifecycleEvent APR/OpenSSL配置：useAprConnector[false]，useOpenSSL[true]
28-Sep-2024 21:54:25.871 信息 [main] org.apache.catalina.core.AprLifecycleListener.initializeSSL OpenSSL成功初始化 [OpenSSL 3.0.14 4 Jun 2024]
28-Sep-2024 21:54:26.071 信息 [main] org.apache.coyote.AbstractProtocol.init 初始化协议处理器 ["http-nio-8080"]
28-Sep-2024 21:54:26.097 信息 [main] org.apache.catalina.startup.Catalina.load 服务器在[395]毫秒内初始化
28-Sep-2024 21:54:26.168 信息 [main] org.apache.catalina.core.StandardService.startInternal 正在启动服务[Catalina]
28-Sep-2024 21:54:26.168 信息 [main] org.apache.catalina.core.StandardEngine.startInternal 正在启动 Servlet 引擎：[Apache Tomcat/9.0.95]
28-Sep-2024 21:54:26.181 信息 [main] org.apache.catalina.startup.HostConfig.deployDirectory 把web 应用程序部署到目录 [C:\Users\13120\Desktop\学习\Web\apache-tomcat-9.0.95\webapps\docs]
28-Sep-2024 21:54:26.482 信息 [main] org.apache.catalina.startup.HostConfig.deployDirectory Web应用程序目录[C:\Users\13120\Desktop\学习\Web\apache-tomcat-9.0.95\webapps\docs]的部署已在[299]毫秒内完成
28-Sep-2024 21:54:26.482 信息 [main] org.apache.catalina.startup.HostConfig.deployDirectory 把web 应用程序部署到目录 [C:\Users\13120\Desktop\学习\Web\apache-tomcat-9.0.95\webapps\examples]
28-Sep-2024 21:54:26.814 信息 [main] org.apache.catalina.startup.HostConfig.deployDirectory Web应用程序目录[C:\Users\13120\Desktop\学习\Web\apache-tomcat-9.0.95\webapps\examples]的部署已在[332]毫秒内完成
28-Sep-2024 21:54:26.814 信息 [main] org.apache.catalina.startup.HostConfig.deployDirectory 把web 应用程序部署到目录 [C:\Users\13120\Desktop\学习\Web\apache-tomcat-9.0.95\webapps\host-manager]
28-Sep-2024 21:54:26.843 信息 [main] org.apache.catalina.startup.HostConfig.deployDirectory Web应用程序目录[C:\Users\13120\Desktop\学习\Web\apache-tomcat-9.0.95\webapps\host-manager]的部署已在[28]毫秒内完成
28-Sep-2024 21:54:26.843 信息 [main] org.apache.catalina.startup.HostConfig.deployDirectory 把web 应用程序部署到目录 [C:\Users\13120\Desktop\学习\Web\apache-tomcat-9.0.95\webapps\manager]
28-Sep-2024 21:54:26.870 信息 [main] org.apache.catalina.startup.HostConfig.deployDirectory Web应用程序目录[C:\Users\13120\Desktop\学习\Web\apache-tomcat-9.0.95\webapps\manager]的部署已在[27]毫秒内完成
28-Sep-2024 21:54:26.872 信息 [main] org.apache.catalina.startup.HostConfig.deployDirectory 把web 应用程序部署到目录 [C:\Users\13120\Desktop\学习\Web\apache-tomcat-9.0.95\webapps\ROOT]
28-Sep-2024 21:54:26.893 信息 [main] org.apache.catalina.startup.HostConfig.deployDirectory Web应用程序目录[C:\Users\13120\Desktop\学习\Web\apache-tomcat-9.0.95\webapps\ROOT]的部署已在[21]毫秒内完成
28-Sep-2024 21:54:26.900 信息 [main] org.apache.coyote.AbstractProtocol.start 开始协议处理句柄["http-nio-8080"]
28-Sep-2024 21:54:26.955 信息 [main] org.apache.catalina.startup.Catalina.start [857]毫秒后服务器启动
28-Sep-2024 21:54:41.902 信息 [main] org.apache.catalina.core.StandardServer.await 通过关闭端口接收到有效的关闭命令。正在停止服务器实例。
28-Sep-2024 21:54:41.903 信息 [main] org.apache.coyote.AbstractProtocol.pause 暂停ProtocolHandler["http-nio-8080"]
28-Sep-2024 21:54:42.015 信息 [main] org.apache.catalina.core.StandardService.stopInternal 正在停止服务[Catalina]
28-Sep-2024 21:54:42.025 信息 [main] org.apache.coyote.AbstractProtocol.stop 正在停止ProtocolHandler ["http-nio-8080"]
28-Sep-2024 21:54:42.053 信息 [main] org.apache.coyote.AbstractProtocol.destroy 正在摧毁协议处理器 ["http-nio-8080"]
28-Sep-2024 21:55:27.875 信息 [main] org.apache.catalina.startup.VersionLoggerListener.log Server.服务器版本: Apache Tomcat/9.0.95
28-Sep-2024 21:55:27.879 信息 [main] org.apache.catalina.startup.VersionLoggerListener.log 服务器构建:        Sep 13 2024 18:07:47 UTC
28-Sep-2024 21:55:27.880 信息 [main] org.apache.catalina.startup.VersionLoggerListener.log 服务器版本号:      9.0.95.0
28-Sep-2024 21:55:27.880 信息 [main] org.apache.catalina.startup.VersionLoggerListener.log 操作系统名称:      Windows 11
28-Sep-2024 21:55:27.880 信息 [main] org.apache.catalina.startup.VersionLoggerListener.log OS.版本:           10.0
28-Sep-2024 21:55:27.881 信息 [main] org.apache.catalina.startup.VersionLoggerListener.log 架构:              amd64
28-Sep-2024 21:55:27.881 信息 [main] org.apache.catalina.startup.VersionLoggerListener.log Java 环境变量:     E:\jdk-17.0.4.1
28-Sep-2024 21:55:27.881 信息 [main] org.apache.catalina.startup.VersionLoggerListener.log Java虚拟机版本:    17.0.4.1+1-LTS-2
28-Sep-2024 21:55:27.882 信息 [main] org.apache.catalina.startup.VersionLoggerListener.log JVM.供应商:        Oracle Corporation
28-Sep-2024 21:55:27.882 信息 [main] org.apache.catalina.startup.VersionLoggerListener.log CATALINA_BASE:     C:\Users\13120\Desktop\学习\Web\apache-tomcat-9.0.95
28-Sep-2024 21:55:27.882 信息 [main] org.apache.catalina.startup.VersionLoggerListener.log CATALINA_HOME:     C:\Users\13120\Desktop\学习\Web\apache-tomcat-9.0.95
28-Sep-2024 21:55:27.890 信息 [main] org.apache.catalina.startup.VersionLoggerListener.log 命令行参数：       --add-opens=java.base/java.lang=ALL-UNNAMED
28-Sep-2024 21:55:27.890 信息 [main] org.apache.catalina.startup.VersionLoggerListener.log 命令行参数：       --add-opens=java.base/java.io=ALL-UNNAMED
28-Sep-2024 21:55:27.890 信息 [main] org.apache.catalina.startup.VersionLoggerListener.log 命令行参数：       --add-opens=java.base/java.util=ALL-UNNAMED
28-Sep-2024 21:55:27.890 信息 [main] org.apache.catalina.startup.VersionLoggerListener.log 命令行参数：       --add-opens=java.base/java.util.concurrent=ALL-UNNAMED
28-Sep-2024 21:55:27.890 信息 [main] org.apache.catalina.startup.VersionLoggerListener.log 命令行参数：       --add-opens=java.rmi/sun.rmi.transport=ALL-UNNAMED
28-Sep-2024 21:55:27.891 信息 [main] org.apache.catalina.startup.VersionLoggerListener.log 命令行参数：       -Djava.util.logging.config.file=C:\Users\13120\Desktop\学习\Web\apache-tomcat-9.0.95\conf\logging.properties
28-Sep-2024 21:55:27.891 信息 [main] org.apache.catalina.startup.VersionLoggerListener.log 命令行参数：       -Djava.util.logging.manager=org.apache.juli.ClassLoaderLogManager
28-Sep-2024 21:55:27.892 信息 [main] org.apache.catalina.startup.VersionLoggerListener.log 命令行参数：       -Djdk.tls.ephemeralDHKeySize=2048
28-Sep-2024 21:55:27.892 信息 [main] org.apache.catalina.startup.VersionLoggerListener.log 命令行参数：       -Djava.protocol.handler.pkgs=org.apache.catalina.webresources
28-Sep-2024 21:55:27.893 信息 [main] org.apache.catalina.startup.VersionLoggerListener.log 命令行参数：       -Dignore.endorsed.dirs=
28-Sep-2024 21:55:27.893 信息 [main] org.apache.catalina.startup.VersionLoggerListener.log 命令行参数：       -Dcatalina.base=C:\Users\13120\Desktop\学习\Web\apache-tomcat-9.0.95
28-Sep-2024 21:55:27.893 信息 [main] org.apache.catalina.startup.VersionLoggerListener.log 命令行参数：       -Dcatalina.home=C:\Users\13120\Desktop\学习\Web\apache-tomcat-9.0.95
28-Sep-2024 21:55:27.893 信息 [main] org.apache.catalina.startup.VersionLoggerListener.log 命令行参数：       -Djava.io.tmpdir=C:\Users\13120\Desktop\学习\Web\apache-tomcat-9.0.95\temp
28-Sep-2024 21:55:27.897 信息 [main] org.apache.catalina.core.AprLifecycleListener.lifecycleEvent 使用APR版本[1.7.4]加载了基于APR的Apache Tomcat本机库[1.3.1]。
28-Sep-2024 21:55:27.897 信息 [main] org.apache.catalina.core.AprLifecycleListener.lifecycleEvent APR功能：IPv6[true]、sendfile[true]、accept filters[false]、random[true]、UDS [true]。
28-Sep-2024 21:55:27.897 信息 [main] org.apache.catalina.core.AprLifecycleListener.lifecycleEvent APR/OpenSSL配置：useAprConnector[false]，useOpenSSL[true]
28-Sep-2024 21:55:27.902 信息 [main] org.apache.catalina.core.AprLifecycleListener.initializeSSL OpenSSL成功初始化 [OpenSSL 3.0.14 4 Jun 2024]
28-Sep-2024 21:55:28.097 信息 [main] org.apache.coyote.AbstractProtocol.init 初始化协议处理器 ["http-nio-8080"]
28-Sep-2024 21:55:28.120 信息 [main] org.apache.catalina.startup.Catalina.load 服务器在[416]毫秒内初始化
28-Sep-2024 21:55:28.179 信息 [main] org.apache.catalina.core.StandardService.startInternal 正在启动服务[Catalina]
28-Sep-2024 21:55:28.180 信息 [main] org.apache.catalina.core.StandardEngine.startInternal 正在启动 Servlet 引擎：[Apache Tomcat/9.0.95]
28-Sep-2024 21:55:28.190 信息 [main] org.apache.catalina.startup.HostConfig.deployDirectory 把web 应用程序部署到目录 [C:\Users\13120\Desktop\学习\Web\apache-tomcat-9.0.95\webapps\docs]
28-Sep-2024 21:55:28.441 信息 [main] org.apache.catalina.startup.HostConfig.deployDirectory Web应用程序目录[C:\Users\13120\Desktop\学习\Web\apache-tomcat-9.0.95\webapps\docs]的部署已在[250]毫秒内完成
28-Sep-2024 21:55:28.441 信息 [main] org.apache.catalina.startup.HostConfig.deployDirectory 把web 应用程序部署到目录 [C:\Users\13120\Desktop\学习\Web\apache-tomcat-9.0.95\webapps\examples]
28-Sep-2024 21:55:28.773 信息 [main] org.apache.catalina.startup.HostConfig.deployDirectory Web应用程序目录[C:\Users\13120\Desktop\学习\Web\apache-tomcat-9.0.95\webapps\examples]的部署已在[332]毫秒内完成
28-Sep-2024 21:55:28.773 信息 [main] org.apache.catalina.startup.HostConfig.deployDirectory 把web 应用程序部署到目录 [C:\Users\13120\Desktop\学习\Web\apache-tomcat-9.0.95\webapps\host-manager]
28-Sep-2024 21:55:28.803 信息 [main] org.apache.catalina.startup.HostConfig.deployDirectory Web应用程序目录[C:\Users\13120\Desktop\学习\Web\apache-tomcat-9.0.95\webapps\host-manager]的部署已在[30]毫秒内完成
28-Sep-2024 21:55:28.803 信息 [main] org.apache.catalina.startup.HostConfig.deployDirectory 把web 应用程序部署到目录 [C:\Users\13120\Desktop\学习\Web\apache-tomcat-9.0.95\webapps\manager]
28-Sep-2024 21:55:28.834 信息 [main] org.apache.catalina.startup.HostConfig.deployDirectory Web应用程序目录[C:\Users\13120\Desktop\学习\Web\apache-tomcat-9.0.95\webapps\manager]的部署已在[31]毫秒内完成
28-Sep-2024 21:55:28.835 信息 [main] org.apache.catalina.startup.HostConfig.deployDirectory 把web 应用程序部署到目录 [C:\Users\13120\Desktop\学习\Web\apache-tomcat-9.0.95\webapps\ROOT]
28-Sep-2024 21:55:28.853 信息 [main] org.apache.catalina.startup.HostConfig.deployDirectory Web应用程序目录[C:\Users\13120\Desktop\学习\Web\apache-tomcat-9.0.95\webapps\ROOT]的部署已在[19]毫秒内完成
28-Sep-2024 21:55:28.857 信息 [main] org.apache.coyote.AbstractProtocol.start 开始协议处理句柄["http-nio-8080"]
28-Sep-2024 21:55:28.904 信息 [main] org.apache.catalina.startup.Catalina.start [784]毫秒后服务器启动
28-Sep-2024 21:55:37.944 信息 [main] org.apache.catalina.core.StandardServer.await 通过关闭端口接收到有效的关闭命令。正在停止服务器实例。
28-Sep-2024 21:55:37.945 信息 [main] org.apache.coyote.AbstractProtocol.pause 暂停ProtocolHandler["http-nio-8080"]
28-Sep-2024 21:55:38.076 信息 [main] org.apache.catalina.core.StandardService.stopInternal 正在停止服务[Catalina]
28-Sep-2024 21:55:38.085 信息 [main] org.apache.coyote.AbstractProtocol.stop 正在停止ProtocolHandler ["http-nio-8080"]
28-Sep-2024 21:55:38.087 信息 [main] org.apache.coyote.AbstractProtocol.destroy 正在摧毁协议处理器 ["http-nio-8080"]
